Arguments: 
  /home/daiqiang/.nvm/versions/node/v14.16.1/bin/node /home/daiqiang/.nvm/versions/node/v14.16.1/bin/yarn

PATH: 
  /home/daiqiang/.nvm/versions/node/v14.16.1/bin:/usr/local/sbin:/usr/local/bin:/usr/sbin:/usr/bin:/sbin:/bin:/usr/games:/usr/local/games:/snap/bin

Yarn version: 
  1.22.10

Node version: 
  14.16.1

Platform: 
  linux x64

Trace: 
  SyntaxError: /home/daiqiang/Project/Guardian/packages/web/package.json: Unexpected token } in JSON at position 1191
      at JSON.parse (<anonymous>)
      at /home/daiqiang/.nvm/versions/node/v14.16.1/lib/node_modules/yarn/lib/cli.js:1625:59
      at Generator.next (<anonymous>)
      at step (/home/daiqiang/.nvm/versions/node/v14.16.1/lib/node_modules/yarn/lib/cli.js:310:30)
      at /home/daiqiang/.nvm/versions/node/v14.16.1/lib/node_modules/yarn/lib/cli.js:321:13

npm manifest: 
  {
    "name": "@daiqiangreal/guardian-web",
    "version": "0.1.0-alpha.1",
    "description": "Cross platform guardian system web part",
    "scripts": {
      "start": "rm -rf dist && mkdir dist && cp -r src/static/* dist/ && esbuild src/index.tsx --bundle --sourcemap --outfile=dist/bundle.js && serve dist",
      "build": "rm -rf dist && mkdir dist && cp -r src/static/* dist/ && esbuild src/index.tsx --bundle --minify --outfile=dist/bundle.js",
      "test": "echo \"Error: no test specified\" && exit 1"
    },
    "repository": {
      "type": "git",
      "url": "git+https://github.com/DaiQiangReal/Guardian.git"
    },
    "keywords": [
      "cross",
      "guardian",
      "system"
    ],
    "author": "daiqiangreal",
    "license": "ISC",
    "bugs": {
      "url": "https://github.com/DaiQiangReal/Guardian/issues"
    },
    "homepage": "https://github.com/DaiQiangReal/Guardian#readme",
    "devDependencies": {
      "@types/react": "^17.0.2",
      "@typescript-eslint/eslint-plugin": "^4.16.1",
      "@typescript-eslint/parser": "^4.16.1",
      "babel-eslint": "^10.1.0",
      "babel-loader": "^8.2.2",
      "esbuild": "^0.11.17",
      "eslint": "^7.21.0",
      "eslint-plugin-react": "^7.22.0",
      "typescript": "^4.2.3",
    },
    "dependencies": {
      "@ant-design/charts": "^1.1.3",
      "antd": "^4.13.1",
      "react": "^17.0.1",
      "react-dom": "^17.0.1"
    }
  }

yarn manifest: 
  No manifest

Lockfile: 
  No lockfile
